#
# A fatal error has been detected by the Java Runtime Environment:
#
#  EXCEPTION_ACCESS_VIOLATION (0xc0000005) at pc=0x000000005a7d4147, pid=11676, tid=0x00000000000000b8
#
# JRE version: Java(TM) SE Runtime Environment (8.0_131-b11) (build 1.8.0_131-b11)
# Java VM: Java HotSpot(TM) 64-Bit Server VM (25.131-b11 mixed mode windows-amd64 compressed oops)
# Problematic frame:
# V  [jvm.dll+0x214147]
#
# Failed to write core dump. Minidumps are not enabled by default on client versions of Windows
#
# If you would like to submit a bug report, please visit:
#   http://bugreport.java.com/bugreport/crash.jsp
#

---------------  T H R E A D  ---------------

Current thread (0x000000001e7d8000):  JavaThread "http-nio-8085-exec-1" daemon [_thread_in_vm, id=184, stack(0x00000000226f0000,0x00000000227f0000)]

siginfo: ExceptionCode=0xc0000005, writing address 0x00000000227ea320

Registers:
RAX=0x00000000227ea320, RBX=0x0000000000000006, RCX=0x0000000000005000, RDX=0x0000000000000006
RSP=0x00000000227ef320, RBP=0x0000000000000000, RSI=0x00000000227ef320, RDI=0x0000000000000006
R8 =0x0000000000000006, R9 =0x000000001e774ef0, R10=0x0000000017aad4c0, R11=0x00000000226fa148
R12=0x000000001e774ef0, R13=0x000000001e7d8000, R14=0x00000000227ef3e8, R15=0x0000000017aad4c0
RIP=0x000000005a7d4147, EFLAGS=0x0000000000010202

Top of Stack: (sp=0x00000000227ef320)
0x00000000227ef320:   0000000000000005 00007ff800000005
0x00000000227ef330:   000000001e7d8000 000000001e774ef0
0x00000000227ef340:   00000000ffffffff 000000005a7d5077
0x00000000227ef350:   00000000227ef450 0000000017aad4c0
0x00000000227ef360:   000000001e7d8000 000000005a680a83
0x00000000227ef370:   00000000227ef3b0 000000001e7d8000
0x00000000227ef380:   00000000227ef440 000000001e7d8000
0x00000000227ef390:   0000000017aad4c0 000000001e7d8000
0x00000000227ef3a0:   00000000038f3200 000000001e7d8000
0x00000000227ef3b0:   0000000017aad4c0 000000001e7d8000
0x00000000227ef3c0:   0000000017aad4c0 000000001e7d8000
0x00000000227ef3d0:   0000000000000001 0000000017aad4c0
0x00000000227ef3e0:   000000001e7d8000 000000001ec63080
0x00000000227ef3f0:   000000001e7d8000 000000005a68212d
0x00000000227ef400:   00000000227ef708 00000001000069a0
0x00000000227ef410:   00000001004b6798 000000007ffe0384 

Instructions: (pc=0x000000005a7d4147)
0x000000005a7d4127:   48 89 6c 24 30 33 ed 66 90 e8 cb 3a 08 00 ff c3
0x000000005a7d4137:   48 63 c8 48 8b c6 48 0f af cf 48 ff c7 48 2b c1
0x000000005a7d4147:   89 28 48 63 c3 48 3b 05 85 25 59 00 7e db 48 8b
0x000000005a7d4157:   6c 24 30 48 8b 5c 24 38 48 8b 74 24 40 48 83 c4 


Register to memory mapping:

RAX=0x00000000227ea320 is pointing into the stack for thread: 0x000000001e7d8000
RBX=0x0000000000000006 is an unknown value
RCX=0x0000000000005000 is an unknown value
RDX=0x0000000000000006 is an unknown value
RSP=0x00000000227ef320 is pointing into the stack for thread: 0x000000001e7d8000
RBP=0x0000000000000000 is an unknown value
RSI=0x00000000227ef320 is pointing into the stack for thread: 0x000000001e7d8000
RDI=0x0000000000000006 is an unknown value
R8 =0x0000000000000006 is an unknown value
R9 =0x000000001e774ef0 is an unknown value
R10={method} {0x0000000017aad4c8} 'run' '()V' in 'java/lang/Thread'
R11=0x00000000226fa148 is pointing into the stack for thread: 0x000000001e7d8000
R12=0x000000001e774ef0 is an unknown value
R13=0x000000001e7d8000 is a thread
R14=0x00000000227ef3e8 is pointing into the stack for thread: 0x000000001e7d8000
R15={method} {0x0000000017aad4c8} 'run' '()V' in 'java/lang/Thread'


Stack: [0x00000000226f0000,0x00000000227f0000],  sp=0x00000000227ef320,  free space=1020k
