#
# There is insufficient memory for the Java Runtime Environment to continue.
# Native memory allocation (malloc) failed to allocate 32744 bytes for ChunkPool::allocate
# Possible reasons:
#   The system is out of physical RAM or swap space
#   In 32 bit mode, the process size limit was hit
# Possible solutions:
#   Reduce memory load on the system
#   Increase physical memory or swap space
#   Check if swap backing store is full
#   Use 64 bit Java on a 64 bit OS
#   Decrease Java heap size (-Xmx/-Xms)
#   Decrease number of Java threads
#   Decrease Java thread stack sizes (-Xss)
#   Set larger code cache with -XX:ReservedCodeCacheSize=
# This output file may be truncated or incomplete.
#
#  Out of Memory Error (allocation.cpp:273), pid=9384, tid=0x0000000000001f7c
#
# JRE version: Java(TM) SE Runtime Environment (8.0_131-b11) (build 1.8.0_131-b11)
# Java VM: Java HotSpot(TM) 64-Bit Server VM (25.131-b11 mixed mode windows-amd64 compressed oops)
# Failed to write core dump. Minidumps are not enabled by default on client versions of Windows
#

---------------  T H R E A D  ---------------

Current thread (0x0000000019a5c000):  JavaThread "C2 CompilerThread1" daemon [_thread_in_native, id=8060, stack(0x000000001a220000,0x000000001a320000)]

Stack: [0x000000001a220000,0x000000001a320000]
[error occurred during error reporting (printing stack bounds), id 0xc0000005]

Native frames: (J=compiled Java code, j=interpreted, Vv=VM code, C=native code)


Current CompileTask:
C2:   9030 3707       4       java.net.URLClassLoader$1::run (5 bytes)


---------------  P R O C E S S  ---------------

Java Threads: ( => current thread )
  0x0000000019b05800 JavaThread "Service Thread" daemon [_thread_blocked, id=5200, stack(0x000000001a420000,0x000000001a520000)]
  0x0000000019a60000 JavaThread "C1 CompilerThread2" daemon [_thread_in_native, id=504, stack(0x000000001a320000,0x000000001a420000)]
=>0x0000000019a5c000 JavaThread "C2 CompilerThread1" daemon [_thread_in_native, id=8060, stack(0x000000001a220000,0x000000001a320000)]
  0x0000000019a57000 JavaThread "C2 CompilerThread0" daemon [_thread_in_native, id=11616, stack(0x000000001a120000,0x000000001a220000)]
  0x0000000019a55800 JavaThread "Monitor Ctrl-Break" daemon [_thread_in_native, id=12248, stack(0x000000001a020000,0x000000001a120000)]
  0x0000000018012800 JavaThread "Attach Listener" daemon [_thread_blocked, id=1428, stack(0x0000000019f20000,0x000000001a020000)]
  0x0000000017fd0000 JavaThread "Signal Dispatcher" daemon [_thread_blocked, id=6532, stack(0x0000000019e20000,0x0000000019f20000)]
  0x0000000003476000 JavaThread "Finalizer" daemon [_thread_blocked, id=5268, stack(0x0000000019210000,0x0000000019310000)]
  0x0000000003470800 JavaThread "Reference Handler" daemon [_thread_blocked, id=2968, stack(0x0000000019110000,0x0000000019210000)]
  0x000000000309e000 JavaThread "main" [_thread_in_Java, id=3344, stack(0x00000000030a0000,0x00000000031a0000)]

Other Threads:
  0x0000000017f86800 VMThread [stack: 0x0000000019010000,0x0000000019110000] [id=7876]
  0x0000000019adc800 WatcherThread [stack: 0x000000001a520000,0x000000001a620000] [id=7516]

VM state:not at safepoint (normal execution)

VM Mutex/Monitor currently owned by a thread: None

Heap:
 PSYoungGen      total 71680K, used 9396K [0x00000000d5e00000, 0x00000000da900000, 0x0000000100000000)
  eden space 66560K, 14% used [0x00000000d5e00000,0x00000000d672d198,0x00000000d9f00000)
  from space 5120K, 0% used [0x00000000da400000,0x00000000da400000,0x00000000da900000)
  to   space 5120K, 0% used [0x00000000d9f00000,0x00000000d9f00000,0x00000000da400000)
 ParOldGen       total 92672K, used 29902K [0x0000000081a00000, 0x0000000087480000, 0x00000000d5e00000)
  object space 92672K, 32% used [0x0000000081a00000,0x0000000083733860,0x0000000087480000)
 Metaspace       used 21926K, capacity 22426K, committed 22704K, reserved 1069056K
  class space    used 2592K, capacity 2721K, committed 2816K, reserved 1048576K

Card table byte_map: [0x0000000012840000,0x0000000012c40000] byte_map_base: 0x0000000012433000

Marking Bits: (ParMarkBitMap*) 0x000000005a59c720
 Begin Bits: [0x00000000132f0000, 0x0000000015288000)
 End Bits:   [0x0000000015288000, 0x0000000017220000)

Polling page: 0x0000000000ec0000

CodeCache: size=245760Kb used=11021Kb max_used=13068Kb free=234738Kb
 bounds [0x0000000003480000, 0x0000000004150000, 0x0000000012480000]
 total_blobs=3614 nmethods=3222 adapters=304
 compilation: enabled

Compilation events (10 events):
Event: 9.006 Thread 0x0000000019a60000 nmethod 3766 0x0000000003ac4010 code [0x0000000003ac41a0, 0x0000000003ac4538]
Event: 9.006 Thread 0x0000000019a60000 3767       3       com.sun.tools.javac.parser.Tokens$Token::<init> (30 bytes)
Event: 9.006 Thread 0x0000000019a60000 nmethod 3767 0x0000000003a87710 code [0x0000000003a87880, 0x0000000003a87b28]
Event: 9.006 Thread 0x0000000019a60000 3769       3       com.sun.tools.javac.util.IntHashTable::putAtIndex (93 bytes)
Event: 9.006 Thread 0x0000000019a60000 nmethod 3769 0x0000000003874090 code [0x0000000003874220, 0x00000000038746a8]
Event: 9.006 Thread 0x0000000019a60000 3768       3       com.sun.tools.javac.parser.JavacParser::nextToken (23 bytes)
Event: 9.007 Thread 0x0000000019a60000 nmethod 3768 0x00000000035e6d50 code [0x00000000035e6ee0, 0x00000000035e7208]
Event: 9.007 Thread 0x0000000019a60000 3770       3       com.sun.tools.javac.parser.JavacParser$SimpleEndPosTable::storeEnd (34 bytes)
Event: 9.007 Thread 0x0000000019a60000 nmethod 3770 0x0000000003c49f90 code [0x0000000003c4a120, 0x0000000003c4a4a8]
Event: 9.007 Thread 0x0000000019a60000 3773   !   3       com.sun.tools.javac.parser.JavaTokenizer::readToken (2243 bytes)

GC Heap History (10 events):
Event: 4.634 GC heap before
{Heap before GC invocations=5 (full 0):
 PSYoungGen      total 71680K, used 71672K [0x00000000d5e00000, 0x00000000da900000, 0x0000000100000000)
  eden space 66560K, 100% used [0x00000000d5e00000,0x00000000d9f00000,0x00000000d9f00000)
  from space 5120K, 99% used [0x00000000da400000,0x00000000da8fe030,0x00000000da900000)
  to   space 5120K, 0% used [0x00000000d9f00000,0x00000000d9f00000,0x00000000da400000)
 ParOldGen       total 87552K, used 10877K [0x0000000081a00000, 0x0000000086f80000, 0x00000000d5e00000)
  object space 87552K, 12% used [0x0000000081a00000,0x000000008249f7e0,0x0000000086f80000)
 Metaspace       used 15915K, capacity 16218K, committed 16384K, reserved 1062912K
  class space    used 1904K, capacity 1977K, committed 2048K, reserved 1048576K
Event: 4.659 GC heap after
Heap after GC invocations=5 (full 0):
 PSYoungGen      total 71680K, used 5096K [0x00000000d5e00000, 0x00000000da900000, 0x0000000100000000)
  eden space 66560K, 0% used [0x00000000d5e00000,0x00000000d5e00000,0x00000000d9f00000)
  from space 5120K, 99% used [0x00000000d9f00000,0x00000000da3fa020,0x00000000da400000)
  to   space 5120K, 0% used [0x00000000da400000,0x00000000da400000,0x00000000da900000)
 ParOldGen       total 87552K, used 20271K [0x0000000081a00000, 0x0000000086f80000, 0x00000000d5e00000)
  object space 87552K, 23% used [0x0000000081a00000,0x0000000082dcbcb8,0x0000000086f80000)
 Metaspace       used 15915K, capacity 16218K, committed 16384K, reserved 1062912K
  class space    used 1904K, capacity 1977K, committed 2048K, reserved 1048576K
}
Event: 5.962 GC heap before
{Heap before GC invocations=6 (full 0):
 PSYoungGen      total 71680K, used 71656K [0x00000000d5e00000, 0x00000000da900000, 0x0000000100000000)
  eden space 66560K, 100% used [0x00000000d5e00000,0x00000000d9f00000,0x00000000d9f00000)
  from space 5120K, 99% used [0x00000000d9f00000,0x00000000da3fa020,0x00000000da400000)
  to   space 5120K, 0% used [0x00000000da400000,0x00000000da400000,0x00000000da900000)
 ParOldGen       total 87552K, used 20271K [0x0000000081a00000, 0x0000000086f80000, 0x00000000d5e00000)
  object space 87552K, 23% used [0x0000000081a00000,0x0000000082dcbcb8,0x0000000086f80000)
 Metaspace       used 16943K, capacity 17316K, committed 17536K, reserved 1064960K
  class space    used 1990K, capacity 2084K, committed 2176K, reserved 1048576K
Event: 5.993 GC heap after
Heap after GC invocations=6 (full 0):
 PSYoungGen      total 71680K, used 5112K [0x00000000d5e00000, 0x00000000da900000, 0x0000000100000000)
  eden space 66560K, 0% used [0x00000000d5e00000,0x00000000d5e00000,0x00000000d9f00000)
  from space 5120K, 99% used [0x00000000da400000,0x00000000da8fe030,0x00000000da900000)
  to   space 5120K, 0% used [0x00000000d9f00000,0x00000000d9f00000,0x00000000da400000)
 ParOldGen       total 87552K, used 26683K [0x0000000081a00000, 0x0000000086f80000, 0x00000000d5e00000)
  object space 87552K, 30% used [0x0000000081a00000,0x000000008340eea0,0x0000000086f80000)
 Metaspace       used 16943K, capacity 17316K, committed 17536K, reserved 1064960K
  class space    used 1990K, capacity 2084K, committed 2176K, reserved 1048576K
}
Event: 7.689 GC heap before
{Heap before GC invocations=7 (full 0):
 PSYoungGen      total 71680K, used 71672K [0x00000000d5e00000, 0x00000000da900000, 0x0000000100000000)
  eden space 66560K, 100% used [0x00000000d5e00000,0x00000000d9f00000,0x00000000d9f00000)
  from space 5120K, 99% used [0x00000000da400000,0x00000000da8fe030,0x00000000da900000)
  to   space 5120K, 0% used [0x00000000d9f00000,0x00000000d9f00000,0x00000000da400000)
 ParOldGen       total 87552K, used 26683K [0x0000000081a00000, 0x0000000086f80000, 0x00000000d5e00000)
  object space 87552K, 30% used [0x0000000081a00000,0x000000008340eea0,0x0000000086f80000)
 Metaspace       used 17530K, capacity 17914K, committed 18048K, reserved 1064960K
  class space    used 2028K, capacity 2129K, committed 2176K, reserved 1048576K
Event: 7.712 GC heap after
Heap after GC invocations=7 (full 0):
 PSYoungGen      total 71680K, used 5088K [0x00000000d5e00000, 0x00000000da900000, 0x0000000100000000)
  eden space 66560K, 0% used [0x00000000d5e00000,0x00000000d5e00000,0x00000000d9f00000)
  from space 5120K, 99% used [0x00000000d9f00000,0x00000000da3f8020,0x00000000da400000)
  to   space 5120K, 0% used [0x00000000da400000,0x00000000da400000,0x00000000da900000)
 ParOldGen       total 87552K, used 32540K [0x0000000081a00000, 0x0000000086f80000, 0x00000000d5e00000)
  object space 87552K, 37% used [0x0000000081a00000,0x00000000839c70a8,0x0000000086f80000)
 Metaspace       used 17530K, capacity 17914K, committed 18048K, reserved 1064960K
  class space    used 2028K, capacity 2129K, committed 2176K, reserved 1048576K
}
Event: 8.439 GC heap before
{Heap before GC invocations=8 (full 0):
 PSYoungGen      total 71680K, used 33143K [0x00000000d5e00000, 0x00000000da900000, 0x0000000100000000)
  eden space 66560K, 42% used [0x00000000d5e00000,0x00000000d7965ea8,0x00000000d9f00000)
  from space 5120K, 99% used [0x00000000d9f00000,0x00000000da3f8020,0x00000000da400000)
  to   space 5120K, 0% used [0x00000000da400000,0x00000000da400000,0x00000000da900000)
 ParOldGen       total 87552K, used 32540K [0x0000000081a00000, 0x0000000086f80000, 0x00000000d5e00000)
  object space 87552K, 37% used [0x0000000081a00000,0x00000000839c70a8,0x0000000086f80000)
 Metaspace       used 20590K, capacity 21082K, committed 21296K, reserved 1069056K
  class space    used 2437K, capacity 2593K, committed 2688K, reserved 1048576K
Event: 8.460 GC heap after
Heap after GC invocations=8 (full 0):
 PSYoungGen      total 71680K, used 5092K [0x00000000d5e00000, 0x00000000da900000, 0x0000000100000000)
  eden space 66560K, 0% used [0x00000000d5e00000,0x00000000d5e00000,0x00000000d9f00000)
  from space 5120K, 99% used [0x00000000da400000,0x00000000da8f9060,0x00000000da900000)
  to   space 5120K, 0% used [0x00000000d9f00000,0x00000000d9f00000,0x00000000da400000)
 ParOldGen       total 87552K, used 34725K [0x0000000081a00000, 0x0000000086f80000, 0x00000000d5e00000)
  object space 87552K, 39% used [0x0000000081a00000,0x0000000083be96e0,0x0000000086f80000)
 Metaspace       used 20590K, capacity 21082K, committed 21296K, reserved 1069056K
  class space    used 2437K, capacity 2593K, committed 2688K, reserved 1048576K
}
Event: 8.460 GC heap before
{Heap before GC invocations=9 (full 1):
 PSYoungGen      total 71680K, used 5092K [0x00000000d5e00000, 0x00000000da900000, 0x0000000100000000)
  eden space 66560K, 0% used [0x00000000d5e00000,0x00000000d5e00000,0x00000000d9f00000)
  from space 5120K, 99% used [0x00000000da400000,0x00000000da8f9060,0x00000000da900000)
  to   space 5120K, 0% used [0x00000000d9f00000,0x00000000d9f00000,0x00000000da400000)
 ParOldGen       total 87552K, used 34725K [0x0000000081a00000, 0x0000000086f80000, 0x00000000d5e00000)
  object space 87552K, 39% used [0x0000000081a00000,0x0000000083be96e0,0x0000000086f80000)
 Metaspace       used 20590K, capacity 21082K, committed 21296K, reserved 1069056K
  class space    used 2437K, capacity 2593K, committed 2688K, reserved 1048576K
Event: 8.693 GC heap after
Heap after GC invocations=9 (full 1):
 PSYoungGen      total 71680K, used 0K [0x00000000d5e00000, 0x00000000da900000, 0x0000000100000000)
  eden space 66560K, 0% used [0x00000000d5e00000,0x00000000d5e00000,0x00000000d9f00000)
  from space 5120K, 0% used [0x00000000da400000,0x00000000da400000,0x00000000da900000)
  to   space 5120K, 0% used [0x00000000d9f00000,0x00000000d9f00000,0x00000000da400000)
 ParOldGen       total 92672K, used 29902K [0x0000000081a00000, 0x0000000087480000, 0x00000000d5e00000)
  object space 92672K, 32% used [0x0000000081a00000,0x0000000083733860,0x0000000087480000)
 Metaspace       used 20590K, capacity 21082K, committed 21296K, reserved 1069056K
  class space    used 2437K, capacity 2593K, committed 2688K, reserved 1048576K
}

Deoptimization events (10 events):
Event: 6.980 Thread 0x000000000309e000 Uncommon trap: reason=class_check action=maybe_recompile pc=0x0000000003f4ae2c method=java.util.AbstractCollection.toArray()[Ljava/lang/Object; @ 1
Event: 6.980 Thread 0x000000000309e000 Uncommon trap: reason=class_check action=maybe_recompile pc=0x0000000003f4ae2c method=java.util.AbstractCollection.toArray()[Ljava/lang/Object; @ 1
Event: 6.980 Thread 0x000000000309e000 Uncommon trap: reason=class_check action=maybe_recompile pc=0x0000000003f4ae2c method=java.util.AbstractCollection.toArray()[Ljava/lang/Object; @ 1
Event: 6.980 Thread 0x000000000309e000 Uncommon trap: reason=class_check action=maybe_recompile pc=0x0000000003f4ae2c method=java.util.AbstractCollection.toArray()[Ljava/lang/Object; @ 1
Event: 7.572 Thread 0x000000000309e000 Uncommon trap: reason=bimorphic action=maybe_recompile pc=0x0000000003aae52c method=java.util.regex.Pattern$CharProperty.match(Ljava/util/regex/Matcher;ILjava/lang/CharSequence;)Z @ 37
Event: 8.083 Thread 0x000000000309e000 Uncommon trap: reason=bimorphic action=maybe_recompile pc=0x0000000003aae52c method=java.util.regex.Pattern$CharProperty.match(Ljava/util/regex/Matcher;ILjava/lang/CharSequence;)Z @ 37
Event: 8.772 Thread 0x000000000309e000 Uncommon trap: reason=range_check action=make_not_entrant pc=0x0000000003772228 method=java.lang.String.charAt(I)C @ 27
Event: 8.854 Thread 0x000000000309e000 Uncommon trap: reason=unstable_if action=reinterpret pc=0x00000000035bb5b4 method=java.util.jar.Attributes$Name.isDigit(C)Z @ 3
Event: 8.977 Thread 0x000000000309e000 Uncommon trap: reason=unstable_if action=reinterpret pc=0x0000000003d1b988 method=java.nio.charset.CharsetDecoder.decode(Ljava/nio/ByteBuffer;Ljava/nio/CharBuffer;Z)Ljava/nio/charset/CoderResult; @ 1
Event: 9.020 Thread 0x000000000309e000 Uncommon trap: reason=unstable_if action=reinterpret pc=0x00000000035bb100 method=java.lang.CharacterData.of(I)Ljava/lang/CharacterData; @ 4

Internal exceptions (10 events):
Event: 2.794 Thread 0x000000000309e000 Exception <a 'java/lang/NoClassDefFoundError': javax/annotation/Priority> (0x00000000d694db78) thrown at [C:\re\workspace\8-2-build-windows-amd64-cygwin\jdk8u131\8869\hotspot\src\share\vm\classfile\systemDictionary.cpp, line 199]
Event: 3.408 Thread 0x000000000309e000 Implicit null exception at 0x0000000003ab59ce to 0x0000000003ab6d85
Event: 4.098 Thread 0x000000000309e000 Implicit null exception at 0x0000000003bf90d9 to 0x0000000003bfbeb5
Event: 4.258 Thread 0x000000000309e000 Implicit null exception at 0x000000000384ff15 to 0x00000000038500ed
Event: 4.258 Thread 0x000000000309e000 Implicit null exception at 0x000000000381e1af to 0x000000000381e219
Event: 4.306 Thread 0x000000000309e000 Implicit null exception at 0x0000000003bb58cf to 0x0000000003bb5dd1
Event: 4.533 Thread 0x000000000309e000 Implicit null exception at 0x0000000003c59df7 to 0x0000000003c5a041
Event: 5.325 Thread 0x000000000309e000 Exception <a 'java/lang/NoClassDefFoundError': org/sonatype/aether/graph/Dependency> (0x00000000d77e3500) thrown at [C:\re\workspace\8-2-build-windows-amd64-cygwin\jdk8u131\8869\hotspot\src\share\vm\classfile\systemDictionary.cpp, line 199]
Event: 5.361 Thread 0x000000000309e000 Implicit null exception at 0x0000000003cbaa73 to 0x0000000003cbb985
Event: 8.189 Thread 0x000000000309e000 Exception <a 'java/lang/ClassNotFoundException': com/sun/tools/javac/api/JavacTool> (0x00000000d6e6c940) thrown at [C:\re\workspace\8-2-build-windows-amd64-cygwin\jdk8u131\8869\hotspot\src\share\vm\classfile\systemDictionary.cpp, line 210]

Events (10 events):
Event: 9.015 loading class com/sun/tools/javac/tree/JCTree$1 done
Event: 9.016 loading class com/sun/tools/javac/code/BoundKind
Event: 9.016 loading class com/sun/tools/javac/code/BoundKind done
Event: 9.020 Thread 0x000000000309e000 Uncommon trap: trap_request=0xffffff65 fr.pc=0x00000000035bb100
Event: 9.020 Thread 0x000000000309e000 DEOPT PACKING pc=0x00000000035bb100 sp=0x000000000319d700
Event: 9.020 Thread 0x000000000309e000 DEOPT UNPACKING pc=0x00000000034c582a sp=0x000000000319d6a0 mode 2
Event: 9.020 loading class java/lang/CharacterData00
Event: 9.020 loading class java/lang/CharacterData00 done
Event: 9.020 Executing VM operation: Deoptimize
Event: 9.021 Executing VM operation: Deoptimize done


Dynamic libraries:
0x00007ff7c5b40000 - 0x00007ff7c5b77000 	D:\java\jdk1.8.0_131\bin\java.exe
0x00007ff880ef0000 - 0x00007ff8810d1000 	C:\WINDOWS\SYSTEM32\ntdll.dll
0x00007ff87fe60000 - 0x00007ff87ff11000 	C:\WINDOWS\System32\KERNEL32.DLL
0x00007ff87ded0000 - 0x00007ff87e143000 	C:\WINDOWS\System32\KERNELBASE.dll
0x00007ff880d00000 - 0x00007ff880da1000 	C:\WINDOWS\System32\ADVAPI32.dll
0x00007ff8803d0000 - 0x00007ff88046e000 	C:\WINDOWS\System32\msvcrt.dll
0x00007ff87fc50000 - 0x00007ff87fcab000 	C:\WINDOWS\System32\sechost.dll
0x00007ff880b70000 - 0x00007ff880c94000 	C:\WINDOWS\System32\RPCRT4.dll
0x00007ff87fcd0000 - 0x00007ff87fe60000 	C:\WINDOWS\System32\USER32.dll
0x00007ff87e1a0000 - 0x00007ff87e1c0000 	C:\WINDOWS\System32\win32u.dll
0x00007ff87fc20000 - 0x00007ff87fc48000 	C:\WINDOWS\System32\GDI32.dll
0x00007ff87d580000 - 0x00007ff87d711000 	C:\WINDOWS\System32\gdi32full.dll
0x00007ff87d720000 - 0x00007ff87d7bf000 	C:\WINDOWS\System32\msvcp_win.dll
0x00007ff87e270000 - 0x00007ff87e368000 	C:\WINDOWS\System32\ucrtbase.dll
0x00007ff86d1c0000 - 0x00007ff86d429000 	C:\WINDOWS\WinSxS\amd64_microsoft.windows.common-controls_6595b64144ccf1df_6.0.17134.1067_none_d401a3eb7c8ebdea\COMCTL32.dll
0x00007ff8800a0000 - 0x00007ff8803c1000 	C:\WINDOWS\System32\combase.dll
0x00007ff87d500000 - 0x00007ff87d579000 	C:\WINDOWS\System32\bcryptPrimitives.dll
0x00007ff87fb90000 - 0x00007ff87fbbd000 	C:\WINDOWS\System32\IMM32.DLL
0x00007ff87d180000 - 0x00007ff87d1ee000 	C:\WINDOWS\System32\dtrampo.dll
0x000000005a620000 - 0x000000005a6f2000 	D:\java\jdk1.8.0_131\jre\bin\msvcr100.dll
0x0000000059d80000 - 0x000000005a61c000 	D:\java\jdk1.8.0_131\jre\bin\server\jvm.dll
0x00007ff880eb0000 - 0x00007ff880eb8000 	C:\WINDOWS\System32\PSAPI.DLL
0x00007ff864dd0000 - 0x00007ff864dd9000 	C:\WINDOWS\SYSTEM32\WSOCK32.dll
0x00007ff880b00000 - 0x00007ff880b6c000 	C:\WINDOWS\System32\WS2_32.dll
0x00007ff878ec0000 - 0x00007ff878ee3000 	C:\WINDOWS\SYSTEM32\WINMM.dll
0x00007ff877a30000 - 0x00007ff877a3a000 	C:\WINDOWS\SYSTEM32\VERSION.dll
0x00007ff878e90000 - 0x00007ff878eba000 	C:\WINDOWS\SYSTEM32\WINMMBASE.dll
0x00007ff87e150000 - 0x00007ff87e199000 	C:\WINDOWS\System32\cfgmgr32.dll
0x000000005b860000 - 0x000000005b86f000 	D:\java\jdk1.8.0_131\jre\bin\verify.dll
0x0000000059d50000 - 0x0000000059d79000 	D:\java\jdk1.8.0_131\jre\bin\java.dll
0x0000000059bd0000 - 0x0000000059bf3000 	D:\java\jdk1.8.0_131\jre\bin\instrument.dll
0x0000000059d30000 - 0x0000000059d46000 	D:\java\jdk1.8.0_131\jre\bin\zip.dll
0x00007ff87e5e0000 - 0x00007ff87fa24000 	C:\WINDOWS\System32\SHELL32.dll
0x00007ff880470000 - 0x00007ff880519000 	C:\WINDOWS\System32\shcore.dll
0x0000000019310000 - 0x0000000019a20000 	C:\WINDOWS\System32\windows.storage.dll
0x00007ff880e50000 - 0x00007ff880ea1000 	C:\WINDOWS\System32\shlwapi.dll
0x00007ff87d230000 - 0x00007ff87d241000 	C:\WINDOWS\System32\kernel.appcore.dll
0x00007ff87d210000 - 0x00007ff87d22f000 	C:\WINDOWS\System32\profapi.dll
0x00007ff87d250000 - 0x00007ff87d29c000 	C:\WINDOWS\System32\powrprof.dll
0x00007ff87d2a0000 - 0x00007ff87d2aa000 	C:\WINDOWS\System32\FLTLIB.DLL
0x00007ff878f50000 - 0x00007ff878f6a000 	D:\work\IntelliJ IDEA 2017.2\bin\breakgen64.dll
0x0000000059d10000 - 0x0000000059d2a000 	D:\java\jdk1.8.0_131\jre\bin\net.dll
0x00007ff87c9e0000 - 0x00007ff87ca46000 	C:\WINDOWS\system32\mswsock.dll
0x00007ff870a40000 - 0x00007ff870a4a000 	D:\work\apache-maven-3.5.0-bin\apache-maven-3.5.0\lib\jansi-native\windows64\jansi.dll
0x0000000059cf0000 - 0x0000000059d01000 	D:\java\jdk1.8.0_131\jre\bin\nio.dll

VM Arguments:
jvm_args: -Dmaven.multiModuleProjectDirectory=E:\ZK\git\sky-frid-data\sky-boot-super -Dmaven.home=D:\work\apache-maven-3.5.0-bin\apache-maven-3.5.0 -Dclassworlds.conf=D:\work\apache-maven-3.5.0-bin\apache-maven-3.5.0\bin\m2.conf -javaagent:D:\work\IntelliJ IDEA 2017.2\lib\idea_rt.jar=55428:D:\work\IntelliJ IDEA 2017.2\bin -Dfile.encoding=UTF-8 
java_command: org.codehaus.classworlds.Launcher -Didea.version=2017.2 compile
java_class_path (initial): D:\work\apache-maven-3.5.0-bin\apache-maven-3.5.0\boot\plexus-classworlds-2.5.2.jar;D:\work\IntelliJ IDEA 2017.2\lib\idea_rt.jar
Launcher Type: SUN_STANDARD

Environment Variables:
JAVA_HOME=D:\java\jdk1.8.0_131
CLASSPATH=.;D:\java\jdk1.8.0_131\lib;D:\java\jdk1.8.0_131\lib\tools.jar
PATH=C:\Program Files (x86)\Common Files\Oracle\Java\javapath;C:\ProgramData\Oracle\Java\javapath;d:\work\product\11.2.0\dbhome_1\bin;C:\Windows\system32;C:\Windows;C:\Windows\System32\Wbem;C:\Windows\System32\WindowsPowerShell\v1.0\;C:\WINDOWS\system32;C:\WINDOWS;C:\WINDOWS\System32\Wbem;C:\WINDOWS\System32\WindowsPowerShell\v1.0\;D:\java\jdk1.8.0_131\bin;D:\work\apache-maven-3.5.4\bin;D:\work\product\instantclient_11_2;C:\Program Files\TortoiseSVN\bin;D:\work\android-sdk_r24.4.1-windows\android-sdk-windows\tools;C:\Program Files (x86)\NVIDIA Corporation\PhysX\Common;C:\WINDOWS\system32;C:\WINDOWS;C:\WINDOWS\System32\Wbem;C:\WINDOWS\System32\WindowsPowerShell\v1.0\;C:\WINDOWS\System32\OpenSSH\;C:\Program Files\Intel\WiFi\bin\;C:\Program Files\Common Files\Intel\WirelessCommon\;D:\work\OpenVPN\bin;D:\work\apache-tomcat-8.5.15\BIN;D:\Git\cmd;D:\work\;D:\work\nodejs\;C:\Program Files (x86)\Microsoft SQL Server\110\Tools\Binn\;C:\Program Files\Microsoft SQL Server\110\Tools\Binn\;C:\Program Files\Microsoft SQL Server\110\DTS\Binn\;C:\Program Files (x86)\Microsoft SQL Server\110\Tools\Binn\ManagementStudio\;C:\Program Files (x86)\Microsoft Visual Studio 10.0\Common7\IDE\PrivateAssemblies\;C:\Program Files (x86)\Microsoft SQL Server\110\DTS\Binn\;D:\work\mysql\mysql-8.0.18-winx64\bin;C:\Users\Ô¬Ë«Ææ\AppData\Local\Microsoft\WindowsApps;C:\Program Files\Intel\WiFi\bin\;C:\Program Files\Common Files\Intel\WirelessCommon\;C:\Users\Ô¬Ë«Ææ\AppData\Roaming\npm;C:\Users\Ô¬Ë«Ææ\AppData\Local\BypassRuntm;C:\Users\ysq\AppData\Roaming\npm;C:\Users\ysq\AppData\Local\BypassRuntm;D:\work\Fiddler
USERNAME=ysq
OS=Windows_NT
PROCESSOR_IDENTIFIER=Intel64 Family 6 Model 78 Stepping 3, GenuineIntel



---------------  S Y S T E M  ---------------

OS: Windows 10.0 , 64 bit Build 17134 (10.0.17134.753)

CPU:total 4 (initial active 4) (2 cores per cpu, 2 threads per core) family 6 model 78 stepping 3, cmov, cx8, fxsr, mmx, sse, sse2, sse3, ssse3, sse4.1, sse4.2, popcnt, avx, avx2, aes, clmul, erms, 3dnowpref, lzcnt, ht, tsc, tscinvbit, bmi1, bmi2, adx

Memory: 4k page, physical 8281888k(1627580k free), swap 12371436k(2148k free)

vm_info: Java HotSpot(TM) 64-Bit Server VM (25.131-b11) for windows-amd64 JRE (1.8.0_131-b11), built on Mar 15 2017 01:23:53 by "java_re" with MS VC++ 10.0 (VS2010)

time: Sun Dec 29 10:58:24 2019
elapsed time: 9 seconds (0d 0h 0m 9s)

