#
# There is insufficient memory for the Java Runtime Environment to continue.
# Native memory allocation (malloc) failed to allocate 503232 bytes for Chunk::new
# Possible reasons:
#   The system is out of physical RAM or swap space
#   In 32 bit mode, the process size limit was hit
# Possible solutions:
#   Reduce memory load on the system
#   Increase physical memory or swap space
#   Check if swap backing store is full
#   Use 64 bit Java on a 64 bit OS
#   Decrease Java heap size (-Xmx/-Xms)
#   Decrease number of Java threads
#   Decrease Java thread stack sizes (-Xss)
#   Set larger code cache with -XX:ReservedCodeCacheSize=
# This output file may be truncated or incomplete.
#
#  Out of Memory Error (allocation.cpp:390), pid=4904, tid=0x00000000000003b4
#
# JRE version: Java(TM) SE Runtime Environment (8.0_131-b11) (build 1.8.0_131-b11)
# Java VM: Java HotSpot(TM) 64-Bit Server VM (25.131-b11 mixed mode windows-amd64 compressed oops)
# Failed to write core dump. Minidumps are not enabled by default on client versions of Windows
#

---------------  T H R E A D  ---------------

Current thread (0x0000000019d8a000):  JavaThread "C2 CompilerThread1" daemon [_thread_in_native, id=948, stack(0x000000001a550000,0x000000001a650000)]

Stack: [0x000000001a550000,0x000000001a650000]
[error occurred during error reporting (printing stack bounds), id 0xc0000005]

Native frames: (J=compiled Java code, j=interpreted, Vv=VM code, C=native code)


Current CompileTask:
C2:   9334 4121   !   4       com.sun.tools.javac.parser.JavaTokenizer::readToken (2243 bytes)


---------------  P R O C E S S  ---------------

Java Threads: ( => current thread )
  0x000000001cb4b800 JavaThread "pool-1-thread-1" [_thread_in_native, id=6644, stack(0x000000001eac0000,0x000000001ebc0000)]
  0x0000000019e34800 JavaThread "Service Thread" daemon [_thread_blocked, id=2856, stack(0x000000001a750000,0x000000001a850000)]
  0x0000000019d8d800 JavaThread "C1 CompilerThread2" daemon [_thread_blocked, id=5980, stack(0x000000001a650000,0x000000001a750000)]
=>0x0000000019d8a000 JavaThread "C2 CompilerThread1" daemon [_thread_in_native, id=948, stack(0x000000001a550000,0x000000001a650000)]
  0x0000000019d85000 JavaThread "C2 CompilerThread0" daemon [_thread_in_native, id=7532, stack(0x000000001a450000,0x000000001a550000)]
  0x0000000019d83800 JavaThread "Monitor Ctrl-Break" daemon [_thread_in_native, id=10476, stack(0x000000001a350000,0x000000001a450000)]
  0x00000000182ef800 JavaThread "Attach Listener" daemon [_thread_blocked, id=10336, stack(0x000000001a250000,0x000000001a350000)]
  0x0000000019d58800 JavaThread "Signal Dispatcher" daemon [_thread_blocked, id=3808, stack(0x000000001a150000,0x000000001a250000)]
  0x000000000379d800 JavaThread "Finalizer" daemon [_thread_blocked, id=13176, stack(0x0000000019540000,0x0000000019640000)]
  0x0000000003792000 JavaThread "Reference Handler" daemon [_thread_blocked, id=13020, stack(0x0000000019440000,0x0000000019540000)]
  0x00000000034de000 JavaThread "main" [_thread_blocked, id=8212, stack(0x0000000003300000,0x0000000003400000)]

Other Threads:
  0x00000000182a7800 VMThread [stack: 0x0000000019340000,0x0000000019440000] [id=5476]
  0x0000000019e59000 WatcherThread [stack: 0x000000001a850000,0x000000001a950000] [id=10064]

VM state:not at safepoint (normal execution)

VM Mutex/Monitor currently owned by a thread: None

Heap:
 PSYoungGen      total 148992K, used 63387K [0x00000000d5e00000, 0x00000000dff00000, 0x0000000100000000)
  eden space 133120K, 47% used [0x00000000d5e00000,0x00000000d9be6cd0,0x00000000de000000)
  from space 15872K, 0% used [0x00000000def80000,0x00000000def80000,0x00000000dff00000)
  to   space 15872K, 0% used [0x00000000de000000,0x00000000de000000,0x00000000def80000)
 ParOldGen       total 93696K, used 33776K [0x0000000081a00000, 0x0000000087580000, 0x00000000d5e00000)
  object space 93696K, 36% used [0x0000000081a00000,0x0000000083afc148,0x0000000087580000)
 Metaspace       used 22436K, capacity 23062K, committed 23344K, reserved 1069056K
  class space    used 2617K, capacity 2768K, committed 2864K, reserved 1048576K

Card table byte_map: [0x0000000012b60000,0x0000000012f60000] byte_map_base: 0x0000000012753000

Marking Bits: (ParMarkBitMap*) 0x000000005a59c720
 Begin Bits: [0x0000000013610000, 0x00000000155a8000)
 End Bits:   [0x00000000155a8000, 0x0000000017540000)

Polling page: 0x0000000001030000

CodeCache: size=245760Kb used=13156Kb max_used=13864Kb free=232603Kb
 bounds [0x00000000037a0000, 0x00000000045b0000, 0x00000000127a0000]
 total_blobs=3998 nmethods=3605 adapters=305
 compilation: enabled

Compilation events (10 events):
Event: 9.273 Thread 0x0000000019d8d800 4217       2       java.util.ComparableTimSort::pushRun (31 bytes)
Event: 9.273 Thread 0x0000000019d8d800 nmethod 4217 0x0000000003a20c90 code [0x0000000003a20e00, 0x0000000003a20fb0]
Event: 9.274 Thread 0x0000000019d8d800 4219 %     3       java.util.ComparableTimSort::binarySort @ 72 (223 bytes)
Event: 9.275 Thread 0x0000000019d8d800 nmethod 4219% 0x0000000003a1f8d0 code [0x0000000003a1fac0, 0x0000000003a20678]
Event: 9.275 Thread 0x0000000019d8d800 4220       2       java.util.ComparableTimSort::ensureCapacity (91 bytes)
Event: 9.275 Thread 0x0000000019d8d800 nmethod 4220 0x0000000003a1f450 code [0x0000000003a1f5a0, 0x0000000003a1f7f0]
Event: 9.280 Thread 0x0000000019d8d800 4221       2       java.util.ComparableTimSort::mergeAt (356 bytes)
Event: 9.281 Thread 0x0000000019d8d800 nmethod 4221 0x000000000402d550 code [0x000000000402d700, 0x000000000402db98]
Event: 9.300 Thread 0x0000000019d8d800 4224 %     3       java.util.ComparableTimSort::countRunAndMakeAscending @ 89 (123 bytes)
Event: 9.300 Thread 0x0000000019d8d800 nmethod 4224% 0x000000000402be90 code [0x000000000402c0c0, 0x000000000402cf48]

GC Heap History (10 events):
Event: 3.860 GC heap before
{Heap before GC invocations=5 (full 0):
 PSYoungGen      total 71680K, used 71672K [0x00000000d5e00000, 0x00000000da900000, 0x0000000100000000)
  eden space 66560K, 100% used [0x00000000d5e00000,0x00000000d9f00000,0x00000000d9f00000)
  from space 5120K, 99% used [0x00000000da400000,0x00000000da8fe030,0x00000000da900000)
  to   space 5120K, 0% used [0x00000000d9f00000,0x00000000d9f00000,0x00000000da400000)
 ParOldGen       total 87552K, used 11082K [0x0000000081a00000, 0x0000000086f80000, 0x00000000d5e00000)
  object space 87552K, 12% used [0x0000000081a00000,0x00000000824d2a08,0x0000000086f80000)
 Metaspace       used 15928K, capacity 16218K, committed 16384K, reserved 1062912K
  class space    used 1904K, capacity 1977K, committed 2048K, reserved 1048576K
Event: 3.905 GC heap after
Heap after GC invocations=5 (full 0):
 PSYoungGen      total 71680K, used 5096K [0x00000000d5e00000, 0x00000000dff00000, 0x0000000100000000)
  eden space 66560K, 0% used [0x00000000d5e00000,0x00000000d5e00000,0x00000000d9f00000)
  from space 5120K, 99% used [0x00000000d9f00000,0x00000000da3fa020,0x00000000da400000)
  to   space 15872K, 0% used [0x00000000def80000,0x00000000def80000,0x00000000dff00000)
 ParOldGen       total 87552K, used 20403K [0x0000000081a00000, 0x0000000086f80000, 0x00000000d5e00000)
  object space 87552K, 23% used [0x0000000081a00000,0x0000000082decee0,0x0000000086f80000)
 Metaspace       used 15928K, capacity 16218K, committed 16384K, reserved 1062912K
  class space    used 1904K, capacity 1977K, committed 2048K, reserved 1048576K
}
Event: 4.993 GC heap before
{Heap before GC invocations=6 (full 0):
 PSYoungGen      total 71680K, used 71656K [0x00000000d5e00000, 0x00000000dff00000, 0x0000000100000000)
  eden space 66560K, 100% used [0x00000000d5e00000,0x00000000d9f00000,0x00000000d9f00000)
  from space 5120K, 99% used [0x00000000d9f00000,0x00000000da3fa020,0x00000000da400000)
  to   space 15872K, 0% used [0x00000000def80000,0x00000000def80000,0x00000000dff00000)
 ParOldGen       total 87552K, used 20403K [0x0000000081a00000, 0x0000000086f80000, 0x00000000d5e00000)
  object space 87552K, 23% used [0x0000000081a00000,0x0000000082decee0,0x0000000086f80000)
 Metaspace       used 16955K, capacity 17316K, committed 17536K, reserved 1064960K
  class space    used 1990K, capacity 2084K, committed 2176K, reserved 1048576K
Event: 5.017 GC heap after
Heap after GC invocations=6 (full 0):
 PSYoungGen      total 148992K, used 11665K [0x00000000d5e00000, 0x00000000dff00000, 0x0000000100000000)
  eden space 133120K, 0% used [0x00000000d5e00000,0x00000000d5e00000,0x00000000de000000)
  from space 15872K, 73% used [0x00000000def80000,0x00000000dfae4498,0x00000000dff00000)
  to   space 15872K, 0% used [0x00000000de000000,0x00000000de000000,0x00000000def80000)
 ParOldGen       total 87552K, used 20411K [0x0000000081a00000, 0x0000000086f80000, 0x00000000d5e00000)
  object space 87552K, 23% used [0x0000000081a00000,0x0000000082deeee0,0x0000000086f80000)
 Metaspace       used 16955K, capacity 17316K, committed 17536K, reserved 1064960K
  class space    used 1990K, capacity 2084K, committed 2176K, reserved 1048576K
}
Event: 7.559 GC heap before
{Heap before GC invocations=7 (full 0):
 PSYoungGen      total 148992K, used 144785K [0x00000000d5e00000, 0x00000000dff00000, 0x0000000100000000)
  eden space 133120K, 100% used [0x00000000d5e00000,0x00000000de000000,0x00000000de000000)
  from space 15872K, 73% used [0x00000000def80000,0x00000000dfae4498,0x00000000dff00000)
  to   space 15872K, 0% used [0x00000000de000000,0x00000000de000000,0x00000000def80000)
 ParOldGen       total 87552K, used 20411K [0x0000000081a00000, 0x0000000086f80000, 0x00000000d5e00000)
  object space 87552K, 23% used [0x0000000081a00000,0x0000000082deeee0,0x0000000086f80000)
 Metaspace       used 18068K, capacity 18540K, committed 18816K, reserved 1067008K
  class space    used 2064K, capacity 2170K, committed 2176K, reserved 1048576K
Event: 7.588 GC heap after
Heap after GC invocations=7 (full 0):
 PSYoungGen      total 148992K, used 15872K [0x00000000d5e00000, 0x00000000dff00000, 0x0000000100000000)
  eden space 133120K, 0% used [0x00000000d5e00000,0x00000000d5e00000,0x00000000de000000)
  from space 15872K, 100% used [0x00000000de000000,0x00000000def80000,0x00000000def80000)
  to   space 15872K, 0% used [0x00000000def80000,0x00000000def80000,0x00000000dff00000)
 ParOldGen       total 87552K, used 25613K [0x0000000081a00000, 0x0000000086f80000, 0x00000000d5e00000)
  object space 87552K, 29% used [0x0000000081a00000,0x00000000833037f0,0x0000000086f80000)
 Metaspace       used 18068K, capacity 18540K, committed 18816K, reserved 1067008K
  class space    used 2064K, capacity 2170K, committed 2176K, reserved 1048576K
}
Event: 8.128 GC heap before
{Heap before GC invocations=8 (full 0):
 PSYoungGen      total 148992K, used 38414K [0x00000000d5e00000, 0x00000000dff00000, 0x0000000100000000)
  eden space 133120K, 16% used [0x00000000d5e00000,0x00000000d7403980,0x00000000de000000)
  from space 15872K, 100% used [0x00000000de000000,0x00000000def80000,0x00000000def80000)
  to   space 15872K, 0% used [0x00000000def80000,0x00000000def80000,0x00000000dff00000)
 ParOldGen       total 87552K, used 25613K [0x0000000081a00000, 0x0000000086f80000, 0x00000000d5e00000)
  object space 87552K, 29% used [0x0000000081a00000,0x00000000833037f0,0x0000000086f80000)
 Metaspace       used 20683K, capacity 21228K, committed 21296K, reserved 1069056K
  class space    used 2442K, capacity 2602K, committed 2608K, reserved 1048576K
Event: 8.164 GC heap after
Heap after GC invocations=8 (full 0):
 PSYoungGen      total 148992K, used 14989K [0x00000000d5e00000, 0x00000000dff00000, 0x0000000100000000)
  eden space 133120K, 0% used [0x00000000d5e00000,0x00000000d5e00000,0x00000000de000000)
  from space 15872K, 94% used [0x00000000def80000,0x00000000dfe237f8,0x00000000dff00000)
  to   space 15872K, 0% used [0x00000000de000000,0x00000000de000000,0x00000000def80000)
 ParOldGen       total 87552K, used 27478K [0x0000000081a00000, 0x0000000086f80000, 0x00000000d5e00000)
  object space 87552K, 31% used [0x0000000081a00000,0x00000000834d5810,0x0000000086f80000)
 Metaspace       used 20683K, capacity 21228K, committed 21296K, reserved 1069056K
  class space    used 2442K, capacity 2602K, committed 2608K, reserved 1048576K
}
Event: 8.164 GC heap before
{Heap before GC invocations=9 (full 1):
 PSYoungGen      total 148992K, used 14989K [0x00000000d5e00000, 0x00000000dff00000, 0x0000000100000000)
  eden space 133120K, 0% used [0x00000000d5e00000,0x00000000d5e00000,0x00000000de000000)
  from space 15872K, 94% used [0x00000000def80000,0x00000000dfe237f8,0x00000000dff00000)
  to   space 15872K, 0% used [0x00000000de000000,0x00000000de000000,0x00000000def80000)
 ParOldGen       total 87552K, used 27478K [0x0000000081a00000, 0x0000000086f80000, 0x00000000d5e00000)
  object space 87552K, 31% used [0x0000000081a00000,0x00000000834d5810,0x0000000086f80000)
 Metaspace       used 20683K, capacity 21228K, committed 21296K, reserved 1069056K
  class space    used 2442K, capacity 2602K, committed 2608K, reserved 1048576K
Event: 8.434 GC heap after
Heap after GC invocations=9 (full 1):
 PSYoungGen      total 148992K, used 0K [0x00000000d5e00000, 0x00000000dff00000, 0x0000000100000000)
  eden space 133120K, 0% used [0x00000000d5e00000,0x00000000d5e00000,0x00000000de000000)
  from space 15872K, 0% used [0x00000000def80000,0x00000000def80000,0x00000000dff00000)
  to   space 15872K, 0% used [0x00000000de000000,0x00000000de000000,0x00000000def80000)
 ParOldGen       total 93696K, used 33776K [0x0000000081a00000, 0x0000000087580000, 0x00000000d5e00000)
  object space 93696K, 36% used [0x0000000081a00000,0x0000000083afc148,0x0000000087580000)
 Metaspace       used 20683K, capacity 21228K, committed 21296K, reserved 1069056K
  class space    used 2442K, capacity 2602K, committed 2608K, reserved 1048576K
}

Deoptimization events (10 events):
Event: 8.986 Thread 0x000000001cb4b800 Uncommon trap: reason=unstable_if action=reinterpret pc=0x000000000399337c method=sun.misc.URLClassPath$JarLoader.getResource(Ljava/lang/String;Z)Lsun/misc/Resource; @ 62
Event: 9.023 Thread 0x000000001cb4b800 Uncommon trap: reason=bimorphic action=maybe_recompile pc=0x0000000003c5fb7c method=java.lang.ClassLoader.loadClass(Ljava/lang/String;Z)Ljava/lang/Class; @ 38
Event: 9.025 Thread 0x000000001cb4b800 Uncommon trap: reason=bimorphic action=maybe_recompile pc=0x0000000003c5fb7c method=java.lang.ClassLoader.loadClass(Ljava/lang/String;Z)Ljava/lang/Class; @ 38
Event: 9.025 Thread 0x000000001cb4b800 Uncommon trap: reason=bimorphic action=maybe_recompile pc=0x0000000003c5fb7c method=java.lang.ClassLoader.loadClass(Ljava/lang/String;Z)Ljava/lang/Class; @ 38
Event: 9.059 Thread 0x000000001cb4b800 Uncommon trap: reason=unstable_if action=reinterpret pc=0x0000000003bfa34c method=java.util.regex.Pattern$Ctype.isSatisfiedBy(I)Z @ 4
Event: 9.076 Thread 0x000000001cb4b800 Uncommon trap: reason=unstable_if action=reinterpret pc=0x0000000003d87fb0 method=java.lang.CharacterData.of(I)Ljava/lang/CharacterData; @ 4
Event: 9.078 Thread 0x000000001cb4b800 Uncommon trap: reason=unstable_if action=reinterpret pc=0x0000000003f265e4 method=java.lang.CharacterDataLatin1.digit(II)I @ 60
Event: 9.152 Thread 0x000000001cb4b800 Uncommon trap: reason=unstable_if action=reinterpret pc=0x0000000003de120c method=com.sun.tools.javac.util.ArrayUtils.ensureCapacity([CI)[C @ 3
Event: 9.180 Thread 0x000000001cb4b800 Uncommon trap: reason=unstable_if action=reinterpret pc=0x00000000038b2608 method=com.sun.tools.javac.parser.UnicodeReader.scanChar()V @ 37
Event: 9.189 Thread 0x000000001cb4b800 Uncommon trap: reason=unstable_if action=reinterpret pc=0x0000000003d7ca74 method=java.lang.Character.isHighSurrogate(C)Z @ 3

Internal exceptions (10 events):
Event: 9.001 Thread 0x000000001cb4b800 Exception <a 'java/security/PrivilegedActionException'> (0x00000000d8dd1a98) thrown at [C:\re\workspace\8-2-build-windows-amd64-cygwin\jdk8u131\8869\hotspot\src\share\vm\prims\jvm.cpp, line 1390]
Event: 9.001 Thread 0x000000001cb4b800 Exception <a 'java/security/PrivilegedActionException'> (0x00000000d8dd1ca8) thrown at [C:\re\workspace\8-2-build-windows-amd64-cygwin\jdk8u131\8869\hotspot\src\share\vm\prims\jvm.cpp, line 1390]
Event: 9.001 Thread 0x000000001cb4b800 Exception <a 'java/security/PrivilegedActionException'> (0x00000000d8dd2f98) thrown at [C:\re\workspace\8-2-build-windows-amd64-cygwin\jdk8u131\8869\hotspot\src\share\vm\prims\jvm.cpp, line 1390]
Event: 9.001 Thread 0x000000001cb4b800 Exception <a 'java/security/PrivilegedActionException'> (0x00000000d8dd31a8) thrown at [C:\re\workspace\8-2-build-windows-amd64-cygwin\jdk8u131\8869\hotspot\src\share\vm\prims\jvm.cpp, line 1390]
Event: 9.001 Thread 0x000000001cb4b800 Exception <a 'java/security/PrivilegedActionException'> (0x00000000d8dd4548) thrown at [C:\re\workspace\8-2-build-windows-amd64-cygwin\jdk8u131\8869\hotspot\src\share\vm\prims\jvm.cpp, line 1390]
Event: 9.001 Thread 0x000000001cb4b800 Exception <a 'java/security/PrivilegedActionException'> (0x00000000d8dd4758) thrown at [C:\re\workspace\8-2-build-windows-amd64-cygwin\jdk8u131\8869\hotspot\src\share\vm\prims\jvm.cpp, line 1390]
Event: 9.001 Thread 0x000000001cb4b800 Exception <a 'java/security/PrivilegedActionException'> (0x00000000d8dd5c08) thrown at [C:\re\workspace\8-2-build-windows-amd64-cygwin\jdk8u131\8869\hotspot\src\share\vm\prims\jvm.cpp, line 1390]
Event: 9.001 Thread 0x000000001cb4b800 Exception <a 'java/security/PrivilegedActionException'> (0x00000000d8dd5e18) thrown at [C:\re\workspace\8-2-build-windows-amd64-cygwin\jdk8u131\8869\hotspot\src\share\vm\prims\jvm.cpp, line 1390]
Event: 9.277 Thread 0x000000001cb4b800 Exception <a 'java/io/FileNotFoundException'> (0x00000000d9792ea8) thrown at [C:\re\workspace\8-2-build-windows-amd64-cygwin\jdk8u131\8869\hotspot\src\share\vm\prims\jni.cpp, line 709]
Event: 9.282 Thread 0x000000001cb4b800 Exception <a 'java/io/FileNotFoundException'> (0x00000000d97c8850) thrown at [C:\re\workspace\8-2-build-windows-amd64-cygwin\jdk8u131\8869\hotspot\src\share\vm\prims\jni.cpp, line 709]

Events (10 events):
Event: 9.238 loading class com/sun/tools/javac/file/ZipFileIndex$DirectoryEntry
Event: 9.238 loading class com/sun/tools/javac/file/ZipFileIndex$DirectoryEntry done
Event: 9.239 loading class com/sun/tools/javac/file/ZipFileIndex$Entry
Event: 9.239 loading class com/sun/tools/javac/file/ZipFileIndex$Entry done
Event: 9.244 loading class java/util/ComparableTimSort
Event: 9.244 loading class java/util/ComparableTimSort done
Event: 9.245 loading class java/io/RandomAccessFile$1
Event: 9.245 loading class java/io/RandomAccessFile$1 done
Event: 9.277 loading class com/sun/tools/javac/file/JavacFileManager$MissingArchive
Event: 9.277 loading class com/sun/tools/javac/file/JavacFileManager$MissingArchive done


Dynamic libraries:
0x00007ff7c5b40000 - 0x00007ff7c5b77000 	D:\java\jdk1.8.0_131\bin\java.exe
0x00007ff880ef0000 - 0x00007ff8810d1000 	C:\WINDOWS\SYSTEM32\ntdll.dll
0x00007ff87fe60000 - 0x00007ff87ff11000 	C:\WINDOWS\System32\KERNEL32.DLL
0x00007ff87ded0000 - 0x00007ff87e143000 	C:\WINDOWS\System32\KERNELBASE.dll
0x00007ff880d00000 - 0x00007ff880da1000 	C:\WINDOWS\System32\ADVAPI32.dll
0x00007ff8803d0000 - 0x00007ff88046e000 	C:\WINDOWS\System32\msvcrt.dll
0x00007ff87fc50000 - 0x00007ff87fcab000 	C:\WINDOWS\System32\sechost.dll
0x00007ff880b70000 - 0x00007ff880c94000 	C:\WINDOWS\System32\RPCRT4.dll
0x00007ff87fcd0000 - 0x00007ff87fe60000 	C:\WINDOWS\System32\USER32.dll
0x00007ff87e1a0000 - 0x00007ff87e1c0000 	C:\WINDOWS\System32\win32u.dll
0x00007ff87fc20000 - 0x00007ff87fc48000 	C:\WINDOWS\System32\GDI32.dll
0x00007ff87d580000 - 0x00007ff87d711000 	C:\WINDOWS\System32\gdi32full.dll
0x00007ff87d720000 - 0x00007ff87d7bf000 	C:\WINDOWS\System32\msvcp_win.dll
0x00007ff87e270000 - 0x00007ff87e368000 	C:\WINDOWS\System32\ucrtbase.dll
0x00007ff86d1c0000 - 0x00007ff86d429000 	C:\WINDOWS\WinSxS\amd64_microsoft.windows.common-controls_6595b64144ccf1df_6.0.17134.1067_none_d401a3eb7c8ebdea\COMCTL32.dll
0x00007ff8800a0000 - 0x00007ff8803c1000 	C:\WINDOWS\System32\combase.dll
0x00007ff87d500000 - 0x00007ff87d579000 	C:\WINDOWS\System32\bcryptPrimitives.dll
0x00007ff87fb90000 - 0x00007ff87fbbd000 	C:\WINDOWS\System32\IMM32.DLL
0x00007ff87d180000 - 0x00007ff87d1ee000 	C:\WINDOWS\System32\dtrampo.dll
0x000000005a620000 - 0x000000005a6f2000 	D:\java\jdk1.8.0_131\jre\bin\msvcr100.dll
0x0000000059d80000 - 0x000000005a61c000 	D:\java\jdk1.8.0_131\jre\bin\server\jvm.dll
0x00007ff880eb0000 - 0x00007ff880eb8000 	C:\WINDOWS\System32\PSAPI.DLL
0x00007ff864dd0000 - 0x00007ff864dd9000 	C:\WINDOWS\SYSTEM32\WSOCK32.dll
0x00007ff880b00000 - 0x00007ff880b6c000 	C:\WINDOWS\System32\WS2_32.dll
0x00007ff878ec0000 - 0x00007ff878ee3000 	C:\WINDOWS\SYSTEM32\WINMM.dll
0x00007ff877a30000 - 0x00007ff877a3a000 	C:\WINDOWS\SYSTEM32\VERSION.dll
0x00007ff878e90000 - 0x00007ff878eba000 	C:\WINDOWS\SYSTEM32\WINMMBASE.dll
0x00007ff87e150000 - 0x00007ff87e199000 	C:\WINDOWS\System32\cfgmgr32.dll
0x000000005b860000 - 0x000000005b86f000 	D:\java\jdk1.8.0_131\jre\bin\verify.dll
0x0000000059d50000 - 0x0000000059d79000 	D:\java\jdk1.8.0_131\jre\bin\java.dll
0x0000000059c00000 - 0x0000000059c23000 	D:\java\jdk1.8.0_131\jre\bin\instrument.dll
0x0000000059d30000 - 0x0000000059d46000 	D:\java\jdk1.8.0_131\jre\bin\zip.dll
0x00007ff87e5e0000 - 0x00007ff87fa24000 	C:\WINDOWS\System32\SHELL32.dll
0x00007ff880470000 - 0x00007ff880519000 	C:\WINDOWS\System32\shcore.dll
0x0000000019640000 - 0x0000000019d50000 	C:\WINDOWS\System32\windows.storage.dll
0x00007ff880e50000 - 0x00007ff880ea1000 	C:\WINDOWS\System32\shlwapi.dll
0x00007ff87d230000 - 0x00007ff87d241000 	C:\WINDOWS\System32\kernel.appcore.dll
0x00007ff87d210000 - 0x00007ff87d22f000 	C:\WINDOWS\System32\profapi.dll
0x00007ff87d250000 - 0x00007ff87d29c000 	C:\WINDOWS\System32\powrprof.dll
0x00007ff87d2a0000 - 0x00007ff87d2aa000 	C:\WINDOWS\System32\FLTLIB.DLL
0x00007ff86cce0000 - 0x00007ff86ccfa000 	D:\work\IntelliJ IDEA 2017.2\bin\breakgen64.dll
0x0000000059d10000 - 0x0000000059d2a000 	D:\java\jdk1.8.0_131\jre\bin\net.dll
0x00007ff87c9e0000 - 0x00007ff87ca46000 	C:\WINDOWS\system32\mswsock.dll
0x00007ff86cab0000 - 0x00007ff86caba000 	D:\work\apache-maven-3.5.0-bin\apache-maven-3.5.0\lib\jansi-native\windows64\jansi.dll
0x0000000059cf0000 - 0x0000000059d01000 	D:\java\jdk1.8.0_131\jre\bin\nio.dll

VM Arguments:
jvm_args: -Dmaven.multiModuleProjectDirectory=E:\ZK\git\sky-frid-data\sky-boot-super -Dmaven.home=D:\work\apache-maven-3.5.0-bin\apache-maven-3.5.0 -Dclassworlds.conf=D:\work\apache-maven-3.5.0-bin\apache-maven-3.5.0\bin\m2.conf -javaagent:D:\work\IntelliJ IDEA 2017.2\lib\idea_rt.jar=55327:D:\work\IntelliJ IDEA 2017.2\bin -Dfile.encoding=UTF-8 
java_command: org.codehaus.classworlds.Launcher -Didea.version=2017.2 compile
java_class_path (initial): D:\work\apache-maven-3.5.0-bin\apache-maven-3.5.0\boot\plexus-classworlds-2.5.2.jar;D:\work\IntelliJ IDEA 2017.2\lib\idea_rt.jar
Launcher Type: SUN_STANDARD

Environment Variables:
JAVA_HOME=D:\java\jdk1.8.0_131
CLASSPATH=.;D:\java\jdk1.8.0_131\lib;D:\java\jdk1.8.0_131\lib\tools.jar
PATH=C:\Program Files (x86)\Common Files\Oracle\Java\javapath;C:\ProgramData\Oracle\Java\javapath;d:\work\product\11.2.0\dbhome_1\bin;C:\Windows\system32;C:\Windows;C:\Windows\System32\Wbem;C:\Windows\System32\WindowsPowerShell\v1.0\;C:\WINDOWS\system32;C:\WINDOWS;C:\WINDOWS\System32\Wbem;C:\WINDOWS\System32\WindowsPowerShell\v1.0\;D:\java\jdk1.8.0_131\bin;D:\work\apache-maven-3.5.4\bin;D:\work\product\instantclient_11_2;C:\Program Files\TortoiseSVN\bin;D:\work\android-sdk_r24.4.1-windows\android-sdk-windows\tools;C:\Program Files (x86)\NVIDIA Corporation\PhysX\Common;C:\WINDOWS\system32;C:\WINDOWS;C:\WINDOWS\System32\Wbem;C:\WINDOWS\System32\WindowsPowerShell\v1.0\;C:\WINDOWS\System32\OpenSSH\;C:\Program Files\Intel\WiFi\bin\;C:\Program Files\Common Files\Intel\WirelessCommon\;D:\work\OpenVPN\bin;D:\work\apache-tomcat-8.5.15\BIN;D:\Git\cmd;D:\work\;D:\work\nodejs\;C:\Program Files (x86)\Microsoft SQL Server\110\Tools\Binn\;C:\Program Files\Microsoft SQL Server\110\Tools\Binn\;C:\Program Files\Microsoft SQL Server\110\DTS\Binn\;C:\Program Files (x86)\Microsoft SQL Server\110\Tools\Binn\ManagementStudio\;C:\Program Files (x86)\Microsoft Visual Studio 10.0\Common7\IDE\PrivateAssemblies\;C:\Program Files (x86)\Microsoft SQL Server\110\DTS\Binn\;D:\work\mysql\mysql-8.0.18-winx64\bin;C:\Users\Ô¬Ë«Ææ\AppData\Local\Microsoft\WindowsApps;C:\Program Files\Intel\WiFi\bin\;C:\Program Files\Common Files\Intel\WirelessCommon\;C:\Users\Ô¬Ë«Ææ\AppData\Roaming\npm;C:\Users\Ô¬Ë«Ææ\AppData\Local\BypassRuntm;C:\Users\ysq\AppData\Roaming\npm;C:\Users\ysq\AppData\Local\BypassRuntm;D:\work\Fiddler
USERNAME=ysq
OS=Windows_NT
PROCESSOR_IDENTIFIER=Intel64 Family 6 Model 78 Stepping 3, GenuineIntel



---------------  S Y S T E M  ---------------

OS: Windows 10.0 , 64 bit Build 17134 (10.0.17134.753)

CPU:total 4 (initial active 4) (2 cores per cpu, 2 threads per core) family 6 model 78 stepping 3, cmov, cx8, fxsr, mmx, sse, sse2, sse3, ssse3, sse4.1, sse4.2, popcnt, avx, avx2, aes, clmul, erms, 3dnowpref, lzcnt, ht, tsc, tscinvbit, bmi1, bmi2, adx

Memory: 4k page, physical 8281888k(1484204k free), swap 12371436k(3824k free)

vm_info: Java HotSpot(TM) 64-Bit Server VM (25.131-b11) for windows-amd64 JRE (1.8.0_131-b11), built on Mar 15 2017 01:23:53 by "java_re" with MS VC++ 10.0 (VS2010)

time: Sun Dec 29 10:51:16 2019
elapsed time: 9 seconds (0d 0h 0m 9s)

